2023-05-12:
Se modifica dentro del archivo "creacion de vistas.sql" la vista "caba-piba-staging-zone-db"."tbp_typ_tmp_view_crm_sociolaboral_contacts_cstm_no_duplicates" cambiando las condiciones del WHERE para obtener dni a partir de cuil
Se modifica el archivo "staging vecinos.sql" cambiando parte de la logica de la tabla "caba-piba-staging-zone-db"."tbp_typ_tmp_vecino_1" para las bases origenes SIU, CRMSL y PORTALEMPLEO
Se modifica el archivo "staging registro_laboral_formal.sql" validando las fechas de inicio y fin, si cualquiera de ellas es inconsistente en algun registro se las deja en null a ambas
Se modifica el archivo "consume sector_productivo.sql" agregando/cambiando sectores y actividades incluidas en los mismos
Se modifica el archivo "consume match_sector_estrategico_sector_productivo.sql" agregando/cambiando sectores y actividades incluidas en los mismos
Se modifica el archivo "staging organizaciones.sql

Se agrega el archivo "staging nomenclador_actividades_economicas.sql" (step 21)
Se agrega el archivo "staging organizaciones.sql" (step 27)
Se agrega el archivo "staging experiencia_laboral.sql" (step 28)
Se agrega el archivo "consume cargos.sql" (step 34)
Se agrega el archivo "staging curriculum.sql" (step 35)
Se agrega el archivo "consume curriculum.sql" (step 36)
Se agrega el archivo "consume experiencia_laboral.sql" (step 37)

Se reordenaron los steps:
"consume sector_productivo.sql" de step 21 a 23
"consume_registro_laboral_formal.sql" de step 23 a 24
"staging entrevista.sql" de step 24 a 25
"consume entrevista.sql" de step 25 a 26
"consume organizaciones .sql" de step 26 a 29
"consume sector_estrategico.sql" de step 27 a 30
"consume match_sector_estrategico_sector_productivo.sql" de step 28 a 31
"staging organizacion_actividad .sql" de step 29 a 32
"consume actividad_area_de_interes.sql" de step 30 a 33

2023-04-28:
Se cambian los sectores productivos en los archivo "staging oportunidad_laboral.sql" (step 19) y "consume oportunidad_laboral.sql" (step 20)
Se agrega el archivo nuevo "consume sector_productivo.sql" (step 21)
Se reordenan los steps de la entrega del 2023-04-14 agregando el paso mencionado anterioriormente, por lo que el script 21 es el 22, el 22 es el 23 y asi sucesivamente.
Se agrega el archivo "consume organizaciones.sql" (step 26)
Se agrega el archivo "consume sector_estrategico.sql" (step 27)
Se agrega el archivo "consume match_sector_estrategico_sector_productivo.sql" (step 28)
Se agrega el archivo "staging organizacion_actividad.sql" (step 29)
Se agrega el archivo "consume actividad_area_de_interes.sql" (step 29)

2023-04-14:
Se agregó la vista "goayvd_typ_sienfo_vw_cantidad_materias_por_trayecto" en el archivo "creacion_de_vistas.sql" (step 00)

Se modificó el cálculo del estado de beneficiario según el código suministrado por Edgardo Rene Navas en el archivo "staging_estado_beneficiario_sienfo.sql" (step 10)

Se modificó el cálculo del estado de beneficiario según el código modificado entre TBP y Edgardo Rene Navas en el archivo "staging_estado_beneficiario_siu.sql" (step 13)

En el archivo "staging_edicion_capacitacion.sql" (step 14):
-Se modificó la entidad "Edición Capacitación" para la base_origen SIU, desasociando el concepto de comisión como identificador de la "Edición Capacitación" y reemplazándolo por el indicado en el diccionario de datos
-A su vez se cambió la forma de determinar la fecha de inicio y fin de dictado, la cantidad de inscriptos, el cupo, el estado y si la inscripción está abierta o no

En el archivo "staging_cursada.sql" (step 16):
-Se modificó la entidad "Cursada" para la base_origen SIU, desasociando el concepto de comisión como identificador de la "Edición Capacitación" y reemplazándolo por el indicado en el diccionario de datos
-Se utilizó la asociación anterior para obtener el estado del beneficiario

Se agrega el campo "fecha_egreso" en la entidad "Trayectoria Educativa" en el archivo "consume_trayectoria_educativa.sql" (step 18)

Se renombran los campos con sufijo "_naecba" por "agip_o_naecba" en el archivo "staging_registro_laboral_formal.sql" (step 23)

Se agrega el archivo nuevo "staging_entrevista.sql" (step 25)

Se agrega el archivo nuevo "consume_entrevista.sql" (step 26)


2023-03-31:
Se elimina join con voluntarios de la bases_origen PORTALEMPLEO debido a que es una sección del CV y no una opotunidad laboral en el archivo "staging vecinos.sql" (step 07)

Se cambia la clausula GROUP BY de campos numerados a nombrados en el archivo "consume oportunidad_laboral.sql" (step 20)

En "staging registro_laboral_formal.sql" (step 23):
-Se cambia la clausula GROUP BY de campos numerados a nombrados
-Se quita join con voluntarios de la bases_origen PORTALEMPLEO
-Se quita del select el vecino_id y se lo reemplaza por el broker_id
-Se modifica la creación de la tabla tbp_typ_tmp_registro_laboral_formal_afip_agip_ab utilizando la nueva tabla nomencladora tbp_typ_tmp_nomenclador_actividades_economicas
-Se elimina restriccion de 6 meses entre la oportunidad y la contratacion en registro_laboral_formal

En "consume_registro_laboral_formal.sql" (step 24):
-Se crea tabla N-N para relacionar oportunidad_laboral y registro_laboral_formal
-Se cambia la clausula GROUP BY de campos numerados a nombrados
-Se quita del select el vecino_id y se lo reemplaza por el broker_id


2023-03-17:
Se modifica el script de la base_origen CRSML y se agregan datos de las bases_origen PORTALEMPLEO y CRMEMPLREO en el archivo "staging vecinos.sql" (step 07)

En el script que trae informacion de la base_origen CRMSL se modifica el JOIN con vecinos en el archivo "staging cursada.sql" (step 16)

Se agrega el id de la base_origen y se habilita el script de la tabla histórica de CRMEMPLREO en el archivo "staging oportunidad_laboral.sql" (step 19)

Se agrega el id de la base_origen y se agrupan los resultados en el archivo "consume oportunidad_laboral.sql" (step 20)

Se agrega el archivo nuevo "staging registro_laboral_formal.sql" (step 23)

Se agrega el archivo nuevo "consume_registro_laboral_formal.sql" (step 24)